19:40:37: Creating resource group General
19:40:37: Creating resource group Internal
19:40:37: Creating resource group Autodetect
19:40:37: SceneManagerFactory for type 'DefaultSceneManager' registered.
19:40:37: Registering ResourceManager for type Material
19:40:37: Registering ResourceManager for type Mesh
19:40:37: Registering ResourceManager for type Skeleton
19:40:37: MovableObjectFactory for type 'ParticleSystem' registered.
19:40:37: OverlayElementFactory for type Panel registered.
19:40:37: OverlayElementFactory for type BorderPanel registered.
19:40:37: OverlayElementFactory for type TextArea registered.
19:40:37: Registering ResourceManager for type Font
19:40:37: ArchiveFactory for archive type FileSystem registered.
19:40:37: ArchiveFactory for archive type Zip registered.
19:40:37: FreeImage version: 3.10.0
19:40:37: This program uses FreeImage, a free, open source image library supporting all common bitmap formats. See http://freeimage.sourceforge.net for details
19:40:37: Supported formats: bmp,ico,jpg,jif,jpeg,jpe,jng,koa,iff,lbm,mng,pbm,pbm,pcd,pcx,pgm,pgm,png,ppm,ppm,ras,tga,targa,tif,tiff,wap,wbmp,wbm,psd,cut,xbm,xpm,gif,hdr,g3,sgi,exr,j2k,j2c,jp2
19:40:37: DDS codec registering
19:40:37: Registering ResourceManager for type HighLevelGpuProgram
19:40:37: Registering ResourceManager for type Compositor
19:40:37: MovableObjectFactory for type 'Entity' registered.
19:40:37: MovableObjectFactory for type 'Light' registered.
19:40:37: MovableObjectFactory for type 'BillboardSet' registered.
19:40:37: MovableObjectFactory for type 'ManualObject' registered.
19:40:37: MovableObjectFactory for type 'BillboardChain' registered.
19:40:37: MovableObjectFactory for type 'RibbonTrail' registered.
19:40:37: Loading library .\RenderSystem_GL
19:40:37: Installing plugin: GL RenderSystem
19:40:37: OpenGL Rendering Subsystem created.
19:40:38: Plugin successfully installed
19:40:38: Loading library .\Plugin_OctreeSceneManager
19:40:38: Installing plugin: Octree & Terrain Scene Manager
19:40:38: Plugin successfully installed
19:40:38: *-*-* OGRE Initialising
19:40:38: *-*-* Version 1.6.5 (Shoggoth)
19:40:38: Added resource location '../data/material/scripts' of type 'FileSystem' to resource group 'General'
19:40:38: Added resource location '../data/mesh' of type 'FileSystem' to resource group 'General'
19:40:38: Added resource location '../data/terrain/scripts' of type 'FileSystem' to resource group 'General'
19:40:38: Added resource location '../data/terrain/textures' of type 'FileSystem' to resource group 'General'
19:40:38: Added resource location '../data/skybox' of type 'FileSystem' to resource group 'General'
19:40:39: CPU Identifier & Features
19:40:39: -------------------------
19:40:39:  *   CPU ID: GenuineIntel: Intel(R) Core(TM)2 Duo CPU     P7550  @ 2.26GHz
19:40:39:  *      SSE: yes
19:40:39:  *     SSE2: yes
19:40:39:  *     SSE3: yes
19:40:39:  *      MMX: yes
19:40:39:  *   MMXEXT: yes
19:40:39:  *    3DNOW: no
19:40:39:  * 3DNOWEXT: no
19:40:39:  *     CMOV: yes
19:40:39:  *      TSC: yes
19:40:39:  *      FPU: yes
19:40:39:  *      PRO: yes
19:40:39:  *       HT: no
19:40:39: -------------------------
19:40:39: *** Starting Win32GL Subsystem ***
19:40:39: GLRenderSystem::_createRenderWindow "OGRE Render Window", 800x600 windowed  miscParams: FSAA=0 colourDepth=32 displayFrequency=0 gamma=false vsync=false 
19:40:39: Created Win32Window 'OGRE Render Window' : 800x600, 32bpp
19:40:39: GL_VERSION = 3.1 NVIDIA 188.61
19:40:39: GL_VENDOR = NVIDIA Corporation
19:40:39: GL_RENDERER = GeForce 9400M/PCI/SSE2
19:40:39: GL_EXTENSIONS = GL_ARB_color_buffer_float GL_ARB_copy_buffer GL_ARB_compatibility GL_ARB_depth_buffer_float GL_ARB_depth_texture GL_ARB_draw_buffers GL_ARB_draw_instanced GL_ARB_fragment_program GL_ARB_fragment_program_shadow GL_ARB_fragment_shader GL_ARB_half_float_pixel GL_ARB_half_float_vertex GL_ARB_framebuffer_object GL_ARB_geometry_shader4 GL_ARB_imaging GL_ARB_map_buffer_range GL_ARB_multisample GL_ARB_multitexture GL_ARB_occlusion_query GL_ARB_pixel_buffer_object GL_ARB_point_parameters GL_ARB_point_sprite GL_ARB_shadow GL_ARB_shader_objects GL_ARB_shading_language_100 GL_ARB_texture_border_clamp GL_ARB_texture_buffer_object GL_ARB_texture_compression GL_ARB_texture_cube_map GL_ARB_texture_env_add GL_ARB_texture_env_combine GL_ARB_texture_env_dot3 GL_ARB_texture_float GL_ARB_texture_mirrored_repeat GL_ARB_texture_non_power_of_two GL_ARB_texture_rectangle GL_ARB_texture_rg GL_ARB_transpose_matrix GL_ARB_vertex_array_object GL_ARB_vertex_buffer_object GL_ARB_vertex_program GL_ARB_vertex_shader GL_ARB_window_pos GL_ATI_draw_buffers GL_ATI_texture_float GL_ATI_texture_mirror_once GL_S3_s3tc GL_EXT_texture_env_add GL_EXT_abgr GL_EXT_bgra GL_EXT_blend_color GL_EXT_blend_equation_separate GL_EXT_blend_func_separate GL_EXT_blend_minmax GL_EXT_blend_subtract GL_EXT_compiled_vertex_array GL_EXT_Cg_shader GL_EXT_bindable_uniform GL_EXT_depth_bounds_test GL_EXT_direct_state_access GL_EXT_draw_buffers2 GL_EXT_draw_instanced GL_EXT_draw_range_elements GL_EXT_fog_coord GL_EXT_framebuffer_blit GL_EXT_framebuffer_multisample GL_EXT_framebuffer_object GL_EXTX_framebuffer_mixed_formats GL_EXT_framebuffer_sRGB GL_EXT_geometry_shader4 GL_EXT_gpu_program_parameters GL_EXT_gpu_shader4 GL_EXT_multi_draw_arrays GL_EXT_packed_depth_stencil GL_EXT_packed_float GL_EXT_packed_pixels GL_EXT_pixel_buffer_object GL_EXT_point_parameters GL_EXT_provoking_vertex GL_EXT_rescale_normal GL_EXT_secondary_color GL_EXT_separate_specular_color GL_EXT_shadow_funcs GL_EXT_stencil_two_side GL_EXT_stencil_wrap GL_EXT_texture3D GL_EXT_texture_array GL_EXT_texture_buffer_object GL_EXT_texture_compression_latc GL_EXT_texture_compression_rgtc GL_EXT_texture_compression_s3tc GL_EXT_texture_cube_map GL_EXT_texture_edge_clamp GL_EXT_texture_env_combine GL_EXT_texture_env_dot3 GL_EXT_texture_filter_anisotropic GL_EXT_texture_integer GL_EXT_texture_lod GL_EXT_texture_lod_bias GL_EXT_texture_mirror_clamp GL_EXT_texture_object GL_EXT_texture_sRGB GL_EXT_texture_swizzle GL_EXT_texture_shared_exponent GL_EXT_timer_query GL_EXT_vertex_array GL_EXT_vertex_array_bgra GL_IBM_rasterpos_clip GL_IBM_texture_mirrored_repeat GL_KTX_buffer_region GL_NV_blend_square GL_NV_copy_depth_to_color GL_NV_depth_buffer_float GL_NV_conditional_render GL_NV_depth_clamp GL_NV_explicit_multisample GL_NV_fence GL_NV_float_buffer GL_NV_fog_distance GL_NV_fragment_program GL_NV_fragment_program_option GL_NV_fragment_program2 GL_NV_framebuffer_multisample_coverage GL_NV_geometry_shader4 GL_NV_gpu_program4 GL_NV_half_float GL_NV_light_max_exponent GL_NV_multisample_coverage GL_NV_multisample_filter_hint GL_NV_occlusion_query GL_NV_packed_depth_stencil GL_NV_parameter_buffer_object GL_NV_parameter_buffer_object2 GL_NV_pixel_data_range GL_NV_point_sprite GL_NV_primitive_restart GL_NV_register_combiners GL_NV_register_combiners2 GL_NV_texgen_reflection GL_NV_texture_compression_vtc GL_NV_texture_env_combine4 GL_NV_texture_expand_normal GL_NV_texture_rectangle GL_NV_texture_shader GL_NV_texture_shader2 GL_NV_texture_shader3 GL_NV_transform_feedback GL_NV_transform_feedback2 GL_NV_vertex_array_range GL_NV_vertex_array_range2 GL_NV_vertex_program GL_NV_vertex_program1_1 GL_NV_vertex_program2 GL_NV_vertex_program2_option GL_NV_vertex_program3 GL_NVX_conditional_render GL_NV_vertex_buffer_unified_memory GL_NV_shader_buffer_load GL_SGIS_generate_mipmap GL_SGIS_texture_lod GL_SGIX_depth_texture GL_SGIX_shadow GL_SUN_slice_accum GL_WIN_swap_hint WGL_EXT_swap_control 
19:40:39: Supported WGL extensions: WGL_ARB_buffer_region WGL_ARB_extensions_string WGL_ARB_make_current_read WGL_ARB_multisample WGL_ARB_pbuffer WGL_ARB_pixel_format WGL_ARB_pixel_format_float WGL_ARB_render_texture WGL_ATI_pixel_format_float WGL_ARB_create_context WGL_EXT_extensions_string WGL_EXT_framebuffer_sRGB WGL_EXT_pixel_format_packed_float WGL_EXT_swap_control WGL_NV_float_buffer WGL_NV_multisample_coverage WGL_NV_render_depth_texture WGL_NV_render_texture_rectangle 
19:40:39: ***************************
19:40:39: *** GL Renderer Started ***
19:40:39: ***************************
19:40:39: Registering ResourceManager for type GpuProgram
19:40:39: GLSL support detected
19:40:39: GL: Using GL_EXT_framebuffer_object for rendering to textures (best)
19:40:39: FBO PF_UNKNOWN depth/stencil support: D16S0 D24S0 D32S0 Packed-D24S8 
19:40:39: FBO PF_L8 depth/stencil support: D0S0 D16S0 D24S0 D32S0 Packed-D24S8 
19:40:39: FBO PF_A8 depth/stencil support: D0S0 D16S0 D24S0 D32S0 Packed-D24S8 
19:40:39: FBO PF_A4L4 depth/stencil support: D0S0 D16S0 D24S0 D32S0 Packed-D24S8 
19:40:39: FBO PF_BYTE_LA depth/stencil support: D0S0 D16S0 D24S0 D32S0 Packed-D24S8 
19:40:39: FBO PF_R5G6B5 depth/stencil support: D0S0 D16S0 D24S0 D32S0 Packed-D24S8 
19:40:39: FBO PF_B5G6R5 depth/stencil support: D0S0 D16S0 D24S0 D32S0 Packed-D24S8 
19:40:39: FBO PF_A1R5G5B5 depth/stencil support: D0S0 D16S0 D24S0 D32S0 Packed-D24S8 
19:40:39: FBO PF_R8G8B8 depth/stencil support: D0S0 D16S0 D24S0 D32S0 Packed-D24S8 
19:40:39: FBO PF_B8G8R8 depth/stencil support: D0S0 D16S0 D24S0 D32S0 Packed-D24S8 
19:40:39: FBO PF_A8R8G8B8 depth/stencil support: D0S0 D16S0 D24S0 D32S0 Packed-D24S8 
19:40:39: FBO PF_B8G8R8A8 depth/stencil support: D0S0 D16S0 D24S0 D32S0 Packed-D24S8 
19:40:39: FBO PF_A2R10G10B10 depth/stencil support: D0S0 D16S0 D24S0 D32S0 Packed-D24S8 
19:40:39: FBO PF_A2B10G10R10 depth/stencil support: D0S0 D16S0 D24S0 D32S0 Packed-D24S8 
19:40:39: FBO PF_FLOAT16_RGB depth/stencil support: D0S0 D16S0 D24S0 D32S0 Packed-D24S8 
19:40:39: FBO PF_FLOAT16_RGBA depth/stencil support: D0S0 D16S0 D24S0 D32S0 Packed-D24S8 
19:40:39: FBO PF_FLOAT32_RGB depth/stencil support: D0S0 D16S0 D24S0 D32S0 Packed-D24S8 
19:40:40: FBO PF_FLOAT32_RGBA depth/stencil support: D0S0 D16S0 D24S0 D32S0 Packed-D24S8 
19:40:40: FBO PF_X8R8G8B8 depth/stencil support: D0S0 D16S0 D24S0 D32S0 Packed-D24S8 
19:40:40: FBO PF_X8B8G8R8 depth/stencil support: D0S0 D16S0 D24S0 D32S0 Packed-D24S8 
19:40:40: FBO PF_SHORT_RGBA depth/stencil support: D0S0 D16S0 D24S0 D32S0 Packed-D24S8 
19:40:40: FBO PF_R3G3B2 depth/stencil support: D0S0 D16S0 D24S0 D32S0 Packed-D24S8 
19:40:40: FBO PF_FLOAT16_R depth/stencil support: D0S0 D16S0 D24S0 D32S0 Packed-D24S8 
19:40:40: FBO PF_FLOAT32_R depth/stencil support: D0S0 D16S0 D24S0 D32S0 Packed-D24S8 
19:40:40: FBO PF_FLOAT16_GR depth/stencil support: D0S0 D16S0 D24S0 D32S0 Packed-D24S8 
19:40:40: FBO PF_FLOAT32_GR depth/stencil support: D0S0 D16S0 D24S0 D32S0 Packed-D24S8 
19:40:40: FBO PF_SHORT_RGB depth/stencil support: D0S0 D16S0 D24S0 D32S0 Packed-D24S8 
19:40:40: [GL] : Valid FBO targets PF_UNKNOWN PF_L8 PF_A8 PF_A4L4 PF_BYTE_LA PF_R5G6B5 PF_B5G6R5 PF_A1R5G5B5 PF_R8G8B8 PF_B8G8R8 PF_A8R8G8B8 PF_B8G8R8A8 PF_A2R10G10B10 PF_A2B10G10R10 PF_FLOAT16_RGB PF_FLOAT16_RGBA PF_FLOAT32_RGB PF_FLOAT32_RGBA PF_X8R8G8B8 PF_X8B8G8R8 PF_SHORT_RGBA PF_R3G3B2 PF_FLOAT16_R PF_FLOAT32_R PF_FLOAT16_GR PF_FLOAT32_GR PF_SHORT_RGB 
19:40:40: RenderSystem capabilities
19:40:40: -------------------------
19:40:40: RenderSystem Name: OpenGL Rendering Subsystem
19:40:40: GPU Vendor: nvidia
19:40:40: Device Name: GeForce 9400M/PCI/SSE2
19:40:40: Driver Version: 3.1.0.0
19:40:40:  * Fixed function pipeline: yes
19:40:40:  * Hardware generation of mipmaps: yes
19:40:40:  * Texture blending: yes
19:40:40:  * Anisotropic texture filtering: yes
19:40:40:  * Dot product texture operation: yes
19:40:40:  * Cube mapping: yes
19:40:40:  * Hardware stencil buffer: yes
19:40:40:    - Stencil depth: 8
19:40:40:    - Two sided stencil support: yes
19:40:40:    - Wrap stencil values: yes
19:40:40:  * Hardware vertex / index buffers: yes
19:40:40:  * Vertex programs: yes
19:40:40:  * Fragment programs: yes
19:40:40:  * Geometry programs: yes
19:40:40:  * Supported Shader Profiles: arbfp1 arbvp1 fp20 fp30 fp40 glsl gp4gp gpu_gp nvgp4 vp30 vp40
19:40:40:  * Texture Compression: yes
19:40:40:    - DXT: yes
19:40:40:    - VTC: yes
19:40:40:  * Scissor Rectangle: yes
19:40:40:  * Hardware Occlusion Query: yes
19:40:40:  * User clip planes: yes
19:40:40:  * VET_UBYTE4 vertex element type: yes
19:40:40:  * Infinite far plane projection: yes
19:40:40:  * Hardware render-to-texture: yes
19:40:40:  * Floating point textures: yes
19:40:40:  * Non-power-of-two textures: yes
19:40:40:  * Volume textures: yes
19:40:40:  * Multiple Render Targets: 8
19:40:40:    - With different bit depths: yes
19:40:40:  * Point Sprites: yes
19:40:40:  * Extended point parameters: yes
19:40:40:  * Max Point Size: 63.375
19:40:40:  * Vertex texture fetch: yes
19:40:40:    - Max vertex textures: 32
19:40:40:    - Vertex textures shared: yes
19:40:40:  * Render to Vertex Buffer : yes
19:40:40:  * GL 1.5 without VBO workaround: no
19:40:40:  * Frame Buffer objects: yes
19:40:40:  * Frame Buffer objects (ARB extension): no
19:40:40:  * Frame Buffer objects (ATI extension): no
19:40:40:  * PBuffer suppport: no
19:40:40:  * GL 1.5 without HW-occlusion workaround: no
19:40:40: Registering ResourceManager for type Texture
19:40:40: ResourceBackgroundQueue - threading disabled
19:40:40: Particle Renderer Type 'billboard' registered
19:40:40: SceneManagerFactory for type 'OctreeSceneManager' registered.
19:40:40: SceneManagerFactory for type 'TerrainSceneManager' registered.
19:40:40: Parsing scripts for resource group Autodetect
19:40:40: Finished parsing scripts for resource group Autodetect
19:40:40: Parsing scripts for resource group General
19:40:40: Parsing script beachBall.material
19:40:40: Finished parsing scripts for resource group General
19:40:40: Parsing scripts for resource group Internal
19:40:40: Finished parsing scripts for resource group Internal
19:40:40: TerrainSceneManager: Registered a new PageSource for type Heightmap
19:40:40: Mesh: Loading sphere.mesh.
19:40:40: TerrainSceneManager: Activated PageSource Heightmap
19:40:40: Texture: terrain_texture1.jpg: Loading 1 faces(PF_R8G8B8,2048x2048x1) with 11 generated mipmaps from Image. Internal format is PF_X8R8G8B8,2048x2048x1.
19:40:40: Texture: terrain_detail.jpg: Loading 1 faces(PF_R8G8B8,256x256x1) with 8 generated mipmaps from Image. Internal format is PF_X8R8G8B8,256x256x1.
19:40:41: Texture: stormy_fr.jpg: Loading 1 faces(PF_R8G8B8,512x512x1) with 9 generated mipmaps from Image. Internal format is PF_X8R8G8B8,512x512x1.
19:40:41: Texture: stormy_bk.jpg: Loading 1 faces(PF_R8G8B8,512x512x1) with 9 generated mipmaps from Image. Internal format is PF_X8R8G8B8,512x512x1.
19:40:41: Texture: stormy_lf.jpg: Loading 1 faces(PF_R8G8B8,512x512x1) with 9 generated mipmaps from Image. Internal format is PF_X8R8G8B8,512x512x1.
19:40:41: Texture: stormy_rt.jpg: Loading 1 faces(PF_R8G8B8,512x512x1) with 9 generated mipmaps from Image. Internal format is PF_X8R8G8B8,512x512x1.
19:40:41: Texture: stormy_up.jpg: Loading 1 faces(PF_R8G8B8,512x512x1) with 9 generated mipmaps from Image. Internal format is PF_X8R8G8B8,512x512x1.
19:40:41: Texture: stormy_dn.jpg: Loading 1 faces(PF_R8G8B8,512x512x1) with 9 generated mipmaps from Image. Internal format is PF_X8R8G8B8,512x512x1.
19:43:11: TerrainSceneManager: Activated PageSource Heightmap
19:43:12: Texture: terrain_texture2.jpg: Loading 1 faces(PF_R8G8B8,2048x2048x1) with 11 generated mipmaps from Image. Internal format is PF_X8R8G8B8,2048x2048x1.
19:43:12: Texture: evening_fr.jpg: Loading 1 faces(PF_R8G8B8,512x512x1) with 9 generated mipmaps from Image. Internal format is PF_X8R8G8B8,512x512x1.
19:43:12: Texture: evening_bk.jpg: Loading 1 faces(PF_R8G8B8,512x512x1) with 9 generated mipmaps from Image. Internal format is PF_X8R8G8B8,512x512x1.
19:43:12: Texture: evening_lf.jpg: Loading 1 faces(PF_R8G8B8,512x512x1) with 9 generated mipmaps from Image. Internal format is PF_X8R8G8B8,512x512x1.
19:43:12: Texture: evening_rt.jpg: Loading 1 faces(PF_R8G8B8,512x512x1) with 9 generated mipmaps from Image. Internal format is PF_X8R8G8B8,512x512x1.
19:43:12: Texture: evening_up.jpg: Loading 1 faces(PF_R8G8B8,512x512x1) with 9 generated mipmaps from Image. Internal format is PF_X8R8G8B8,512x512x1.
19:43:12: Texture: evening_dn.jpg: Loading 1 faces(PF_R8G8B8,512x512x1) with 9 generated mipmaps from Image. Internal format is PF_X8R8G8B8,512x512x1.
19:43:24: TerrainSceneManager: Activated PageSource Heightmap
19:43:24: Texture: cloudy_noon_fr.jpg: Loading 1 faces(PF_R8G8B8,512x512x1) with 9 generated mipmaps from Image. Internal format is PF_X8R8G8B8,512x512x1.
19:43:24: Texture: cloudy_noon_bk.jpg: Loading 1 faces(PF_R8G8B8,512x512x1) with 9 generated mipmaps from Image. Internal format is PF_X8R8G8B8,512x512x1.
19:43:24: Texture: cloudy_noon_lf.jpg: Loading 1 faces(PF_R8G8B8,512x512x1) with 9 generated mipmaps from Image. Internal format is PF_X8R8G8B8,512x512x1.
19:43:24: Texture: cloudy_noon_rt.jpg: Loading 1 faces(PF_R8G8B8,512x512x1) with 9 generated mipmaps from Image. Internal format is PF_X8R8G8B8,512x512x1.
19:43:24: Texture: cloudy_noon_up.jpg: Loading 1 faces(PF_R8G8B8,512x512x1) with 9 generated mipmaps from Image. Internal format is PF_X8R8G8B8,512x512x1.
19:43:24: Texture: cloudy_noon_dn.jpg: Loading 1 faces(PF_R8G8B8,512x512x1) with 9 generated mipmaps from Image. Internal format is PF_X8R8G8B8,512x512x1.
19:44:01: *-*-* OGRE Shutdown
19:44:01: Unregistering ResourceManager for type Compositor
19:44:01: Unregistering ResourceManager for type Font
19:44:01: Unregistering ResourceManager for type Skeleton
19:44:01: Unregistering ResourceManager for type Mesh
19:44:01: Unregistering ResourceManager for type HighLevelGpuProgram
19:44:01: Uninstalling plugin: Octree & Terrain Scene Manager
19:44:01: Plugin successfully uninstalled
19:44:01: Unloading library .\Plugin_OctreeSceneManager
19:44:01: Uninstalling plugin: GL RenderSystem
19:44:01: Unregistering ResourceManager for type GpuProgram
19:44:01: *** Stopping Win32GL Subsystem ***
19:44:01: Unregistering ResourceManager for type Texture
19:44:01: Plugin successfully uninstalled
19:44:01: Unloading library .\RenderSystem_GL
19:44:01: Unregistering ResourceManager for type Material
